<!DOCTYPE html>
<html>
<head>
<meta http-equiv="Content-Type" content="text/html; charset=utf-8"/>
<meta http-equiv="x-ua-compatible" content="IE=edge"/>
<title>Test results - ClaimantServiceIntegrationTests</title>
<link href="../css/base-style.css" rel="stylesheet" type="text/css"/>
<link href="../css/style.css" rel="stylesheet" type="text/css"/>
<script src="../js/report.js" type="text/javascript"></script>
</head>
<body>
<div id="content">
<h1>ClaimantServiceIntegrationTests</h1>
<div class="breadcrumbs">
<a href="../index.html">all</a> &gt; 
<a href="../packages/uk.gov.dhsc.htbhf.claimant.html">uk.gov.dhsc.htbhf.claimant</a> &gt; ClaimantServiceIntegrationTests</div>
<div id="summary">
<table>
<tr>
<td>
<div class="summaryGroup">
<table>
<tr>
<td>
<div class="infoBox" id="tests">
<div class="counter">38</div>
<p>tests</p>
</div>
</td>
<td>
<div class="infoBox" id="failures">
<div class="counter">0</div>
<p>failures</p>
</div>
</td>
<td>
<div class="infoBox" id="ignored">
<div class="counter">0</div>
<p>ignored</p>
</div>
</td>
<td>
<div class="infoBox" id="duration">
<div class="counter">2.928s</div>
<p>duration</p>
</div>
</td>
</tr>
</table>
</div>
</td>
<td>
<div class="infoBox success" id="successRate">
<div class="percent">100%</div>
<p>successful</p>
</div>
</td>
</tr>
</table>
</div>
<div id="tabs">
<ul class="tabLinks">
<li>
<a href="#tab0">Tests</a>
</li>
<li>
<a href="#tab1">Standard output</a>
</li>
</ul>
<div id="tab0" class="tab">
<h2>Tests</h2>
<table>
<thead>
<tr>
<th>Test</th>
<th>Method name</th>
<th>Duration</th>
<th>Result</th>
</tr>
</thead>
<tr>
<td class="success">shouldAcceptAndCreateANewValidClaimWithNoNullFields()</td>
<td class="success">shouldAcceptAndCreateANewValidClaimWithNoNullFields()</td>
<td class="success">0.058s</td>
<td class="success">passed</td>
</tr>
<tr>
<td class="success">shouldAcceptAndCreateANewValidClaimWithNullFields()</td>
<td class="success">shouldAcceptAndCreateANewValidClaimWithNullFields()</td>
<td class="success">0.061s</td>
<td class="success">passed</td>
</tr>
<tr>
<td class="success">shouldFailWhenEligibilityServiceCallThrowsException()</td>
<td class="success">shouldFailWhenEligibilityServiceCallThrowsException()</td>
<td class="success">0.140s</td>
<td class="success">passed</td>
</tr>
<tr>
<td class="success">Field postcode with invalid value null on an address returns the correct error response</td>
<td class="success">shouldFailWithAddressValidationError(String, String, String, String)[10]</td>
<td class="success">0.031s</td>
<td class="success">passed</td>
</tr>
<tr>
<td class="success">Field addressLine1 with invalid value null on an address returns the correct error response</td>
<td class="success">shouldFailWithAddressValidationError(String, String, String, String)[1]</td>
<td class="success">1.098s</td>
<td class="success">passed</td>
</tr>
<tr>
<td class="success">Field addressLine1 with invalid value AAAAAAAAAAAAAAAAAAAAAAAAAAAAAAAAAAAAAAAAAAAAAAAAAAAAAAAAAAAAAAAAAAAAAAAAAAAAAAAAAAAAAAAAAAAAAAAAAAAAAAAAAAAAAAAAAAAAAAAAAAAAAAAAAAAAAAAAAAAAAAAAAAAAAAAAAAAAAAAAAAAAAAAAAAAAAAAAAAAAAAAAAAAAAAAAAAAAAAAAAAAAAAAAAAAAAAAAAAAAAAAAAAAAAAAAAAAAAAAAAAAAAAAAAAAAAAAAAAAAAAAAAAAAAAAAAAAAAAAAAAAAAAAAAAAAAAAAAAAAAAAAAAAAAAAAAAAAAAAAAAAAAAAAAAAAAAAAAAAAAAAAAAAAAAAAAAAAAAAAAAAAAAAAAAAAAAAAAAAAAAAAAAAAAAAAAAAAAAAAAAAAAAAAAAAAAAAAAAAAAAAAAAAAAAAAAAAAAAAAAAAAAAAAAAAAAAAAAAAAAAAAAAAAAAAAAAAAAAAAAAAAAAAAAAAAAAAAAAAAA on an address returns the correct error response</td>
<td class="success">shouldFailWithAddressValidationError(String, String, String, String)[2]</td>
<td class="success">0.049s</td>
<td class="success">passed</td>
</tr>
<tr>
<td class="success">Field addressLine2 with invalid value AAAAAAAAAAAAAAAAAAAAAAAAAAAAAAAAAAAAAAAAAAAAAAAAAAAAAAAAAAAAAAAAAAAAAAAAAAAAAAAAAAAAAAAAAAAAAAAAAAAAAAAAAAAAAAAAAAAAAAAAAAAAAAAAAAAAAAAAAAAAAAAAAAAAAAAAAAAAAAAAAAAAAAAAAAAAAAAAAAAAAAAAAAAAAAAAAAAAAAAAAAAAAAAAAAAAAAAAAAAAAAAAAAAAAAAAAAAAAAAAAAAAAAAAAAAAAAAAAAAAAAAAAAAAAAAAAAAAAAAAAAAAAAAAAAAAAAAAAAAAAAAAAAAAAAAAAAAAAAAAAAAAAAAAAAAAAAAAAAAAAAAAAAAAAAAAAAAAAAAAAAAAAAAAAAAAAAAAAAAAAAAAAAAAAAAAAAAAAAAAAAAAAAAAAAAAAAAAAAAAAAAAAAAAAAAAAAAAAAAAAAAAAAAAAAAAAAAAAAAAAAAAAAAAAAAAAAAAAAAAAAAAAAAAAAAAAAAAAAAAA on an address returns the correct error response</td>
<td class="success">shouldFailWithAddressValidationError(String, String, String, String)[3]</td>
<td class="success">0.040s</td>
<td class="success">passed</td>
</tr>
<tr>
<td class="success">Field townOrCity with invalid value null on an address returns the correct error response</td>
<td class="success">shouldFailWithAddressValidationError(String, String, String, String)[4]</td>
<td class="success">0.045s</td>
<td class="success">passed</td>
</tr>
<tr>
<td class="success">Field townOrCity with invalid value AAAAAAAAAAAAAAAAAAAAAAAAAAAAAAAAAAAAAAAAAAAAAAAAAAAAAAAAAAAAAAAAAAAAAAAAAAAAAAAAAAAAAAAAAAAAAAAAAAAAAAAAAAAAAAAAAAAAAAAAAAAAAAAAAAAAAAAAAAAAAAAAAAAAAAAAAAAAAAAAAAAAAAAAAAAAAAAAAAAAAAAAAAAAAAAAAAAAAAAAAAAAAAAAAAAAAAAAAAAAAAAAAAAAAAAAAAAAAAAAAAAAAAAAAAAAAAAAAAAAAAAAAAAAAAAAAAAAAAAAAAAAAAAAAAAAAAAAAAAAAAAAAAAAAAAAAAAAAAAAAAAAAAAAAAAAAAAAAAAAAAAAAAAAAAAAAAAAAAAAAAAAAAAAAAAAAAAAAAAAAAAAAAAAAAAAAAAAAAAAAAAAAAAAAAAAAAAAAAAAAAAAAAAAAAAAAAAAAAAAAAAAAAAAAAAAAAAAAAAAAAAAAAAAAAAAAAAAAAAAAAAAAAAAAAAAAAAAAAAAA on an address returns the correct error response</td>
<td class="success">shouldFailWithAddressValidationError(String, String, String, String)[5]</td>
<td class="success">0.043s</td>
<td class="success">passed</td>
</tr>
<tr>
<td class="success">Field postcode with invalid value AA1122BB on an address returns the correct error response</td>
<td class="success">shouldFailWithAddressValidationError(String, String, String, String)[6]</td>
<td class="success">0.046s</td>
<td class="success">passed</td>
</tr>
<tr>
<td class="success">Field postcode with invalid value A on an address returns the correct error response</td>
<td class="success">shouldFailWithAddressValidationError(String, String, String, String)[7]</td>
<td class="success">0.050s</td>
<td class="success">passed</td>
</tr>
<tr>
<td class="success">Field postcode with invalid value 11AA21 on an address returns the correct error response</td>
<td class="success">shouldFailWithAddressValidationError(String, String, String, String)[8]</td>
<td class="success">0.046s</td>
<td class="success">passed</td>
</tr>
<tr>
<td class="success">Field postcode with invalid value  on an address returns the correct error response</td>
<td class="success">shouldFailWithAddressValidationError(String, String, String, String)[9]</td>
<td class="success">0.029s</td>
<td class="success">passed</td>
</tr>
<tr>
<td class="success">Field 29-11-1909 with invalid value dateOfBirth on an error response</td>
<td class="success">shouldFailWithInvalidDateFormatError(String, String, String, String)[1]</td>
<td class="success">0.045s</td>
<td class="success">passed</td>
</tr>
<tr>
<td class="success">Field 1999/12/31 with invalid value dateOfBirth on an error response</td>
<td class="success">shouldFailWithInvalidDateFormatError(String, String, String, String)[2]</td>
<td class="success">0.026s</td>
<td class="success">passed</td>
</tr>
<tr>
<td class="success">Field Foo with invalid value dateOfBirth on an error response</td>
<td class="success">shouldFailWithInvalidDateFormatError(String, String, String, String)[3]</td>
<td class="success">0.018s</td>
<td class="success">passed</td>
</tr>
<tr>
<td class="success">Field 29-11-1909 with invalid value expectedDeliveryDate on an error response</td>
<td class="success">shouldFailWithInvalidDateFormatError(String, String, String, String)[4]</td>
<td class="success">0.027s</td>
<td class="success">passed</td>
</tr>
<tr>
<td class="success">Field 1999/12/31 with invalid value expectedDeliveryDate on an error response</td>
<td class="success">shouldFailWithInvalidDateFormatError(String, String, String, String)[5]</td>
<td class="success">0.024s</td>
<td class="success">passed</td>
</tr>
<tr>
<td class="success">Field Foo with invalid value expectedDeliveryDate on an error response</td>
<td class="success">shouldFailWithInvalidDateFormatError(String, String, String, String)[6]</td>
<td class="success">0.021s</td>
<td class="success">passed</td>
</tr>
<tr>
<td class="success">Field nino with invalid value ZQQ123456CZ on a claim returns the correct error response</td>
<td class="success">shouldFailWithValidationError(String, String, String, String)[10]</td>
<td class="success">0.069s</td>
<td class="success">passed</td>
</tr>
<tr>
<td class="success">Field nino with invalid value QQ123456T on a claim returns the correct error response</td>
<td class="success">shouldFailWithValidationError(String, String, String, String)[11]</td>
<td class="success">0.038s</td>
<td class="success">passed</td>
</tr>
<tr>
<td class="success">Field dateOfBirth with invalid value 9999-12-31 on a claim returns the correct error response</td>
<td class="success">shouldFailWithValidationError(String, String, String, String)[12]</td>
<td class="success">0.038s</td>
<td class="success">passed</td>
</tr>
<tr>
<td class="success">Field expectedDeliveryDate with invalid value 9999-12-31 on a claim returns the correct error response</td>
<td class="success">shouldFailWithValidationError(String, String, String, String)[13]</td>
<td class="success">0.042s</td>
<td class="success">passed</td>
</tr>
<tr>
<td class="success">Field expectedDeliveryDate with invalid value 1990-12-31 on a claim returns the correct error response</td>
<td class="success">shouldFailWithValidationError(String, String, String, String)[14]</td>
<td class="success">0.039s</td>
<td class="success">passed</td>
</tr>
<tr>
<td class="success">Field cardDeliveryAddress with invalid value null on a claim returns the correct error response</td>
<td class="success">shouldFailWithValidationError(String, String, String, String)[15]</td>
<td class="success">0.029s</td>
<td class="success">passed</td>
</tr>
<tr>
<td class="success">Field dateOfBirth with invalid value null on a claim returns the correct error response</td>
<td class="success">shouldFailWithValidationError(String, String, String, String)[16]</td>
<td class="success">0.038s</td>
<td class="success">passed</td>
</tr>
<tr>
<td class="success">Field lastName with invalid value AAAAAAAAAAAAAAAAAAAAAAAAAAAAAAAAAAAAAAAAAAAAAAAAAAAAAAAAAAAAAAAAAAAAAAAAAAAAAAAAAAAAAAAAAAAAAAAAAAAAAAAAAAAAAAAAAAAAAAAAAAAAAAAAAAAAAAAAAAAAAAAAAAAAAAAAAAAAAAAAAAAAAAAAAAAAAAAAAAAAAAAAAAAAAAAAAAAAAAAAAAAAAAAAAAAAAAAAAAAAAAAAAAAAAAAAAAAAAAAAAAAAAAAAAAAAAAAAAAAAAAAAAAAAAAAAAAAAAAAAAAAAAAAAAAAAAAAAAAAAAAAAAAAAAAAAAAAAAAAAAAAAAAAAAAAAAAAAAAAAAAAAAAAAAAAAAAAAAAAAAAAAAAAAAAAAAAAAAAAAAAAAAAAAAAAAAAAAAAAAAAAAAAAAAAAAAAAAAAAAAAAAAAAAAAAAAAAAAAAAAAAAAAAAAAAAAAAAAAAAAAAAAAAAAAAAAAAAAAAAAAAAAAAAAAAAAAAAAAAAA on a claim returns the correct error response</td>
<td class="success">shouldFailWithValidationError(String, String, String, String)[1]</td>
<td class="success">0.034s</td>
<td class="success">passed</td>
</tr>
<tr>
<td class="success">Field lastName with invalid value null on a claim returns the correct error response</td>
<td class="success">shouldFailWithValidationError(String, String, String, String)[2]</td>
<td class="success">0.033s</td>
<td class="success">passed</td>
</tr>
<tr>
<td class="success">Field lastName with invalid value  on a claim returns the correct error response</td>
<td class="success">shouldFailWithValidationError(String, String, String, String)[3]</td>
<td class="success">0.036s</td>
<td class="success">passed</td>
</tr>
<tr>
<td class="success">Field firstName with invalid value AAAAAAAAAAAAAAAAAAAAAAAAAAAAAAAAAAAAAAAAAAAAAAAAAAAAAAAAAAAAAAAAAAAAAAAAAAAAAAAAAAAAAAAAAAAAAAAAAAAAAAAAAAAAAAAAAAAAAAAAAAAAAAAAAAAAAAAAAAAAAAAAAAAAAAAAAAAAAAAAAAAAAAAAAAAAAAAAAAAAAAAAAAAAAAAAAAAAAAAAAAAAAAAAAAAAAAAAAAAAAAAAAAAAAAAAAAAAAAAAAAAAAAAAAAAAAAAAAAAAAAAAAAAAAAAAAAAAAAAAAAAAAAAAAAAAAAAAAAAAAAAAAAAAAAAAAAAAAAAAAAAAAAAAAAAAAAAAAAAAAAAAAAAAAAAAAAAAAAAAAAAAAAAAAAAAAAAAAAAAAAAAAAAAAAAAAAAAAAAAAAAAAAAAAAAAAAAAAAAAAAAAAAAAAAAAAAAAAAAAAAAAAAAAAAAAAAAAAAAAAAAAAAAAAAAAAAAAAAAAAAAAAAAAAAAAAAAAAAAAA on a claim returns the correct error response</td>
<td class="success">shouldFailWithValidationError(String, String, String, String)[4]</td>
<td class="success">0.039s</td>
<td class="success">passed</td>
</tr>
<tr>
<td class="success">Field nino with invalid value null on a claim returns the correct error response</td>
<td class="success">shouldFailWithValidationError(String, String, String, String)[5]</td>
<td class="success">0.034s</td>
<td class="success">passed</td>
</tr>
<tr>
<td class="success">Field nino with invalid value  on a claim returns the correct error response</td>
<td class="success">shouldFailWithValidationError(String, String, String, String)[6]</td>
<td class="success">0.091s</td>
<td class="success">passed</td>
</tr>
<tr>
<td class="success">Field nino with invalid value YYHU456781 on a claim returns the correct error response</td>
<td class="success">shouldFailWithValidationError(String, String, String, String)[7]</td>
<td class="success">0.039s</td>
<td class="success">passed</td>
</tr>
<tr>
<td class="success">Field nino with invalid value 888888888 on a claim returns the correct error response</td>
<td class="success">shouldFailWithValidationError(String, String, String, String)[8]</td>
<td class="success">0.049s</td>
<td class="success">passed</td>
</tr>
<tr>
<td class="success">Field nino with invalid value ABCDEFGHI on a claim returns the correct error response</td>
<td class="success">shouldFailWithValidationError(String, String, String, String)[9]</td>
<td class="success">0.042s</td>
<td class="success">passed</td>
</tr>
<tr>
<td class="success">shouldReturn404ErrorForNonExistentPath()</td>
<td class="success">shouldReturn404ErrorForNonExistentPath()</td>
<td class="success">0.067s</td>
<td class="success">passed</td>
</tr>
<tr>
<td class="success">shouldReturnDuplicateStatusWhenEligibleClaimAlreadyExists()</td>
<td class="success">shouldReturnDuplicateStatusWhenEligibleClaimAlreadyExists()</td>
<td class="success">0.253s</td>
<td class="success">passed</td>
</tr>
<tr>
<td class="success">shouldReturnErrorGivenAnEmptyClaim()</td>
<td class="success">shouldReturnErrorGivenAnEmptyClaim()</td>
<td class="success">0.021s</td>
<td class="success">passed</td>
</tr>
</table>
</div>
<div id="tab1" class="tab">
<h2>Standard output</h2>
<span class="code">
<pre>11:36:18.639 [Test worker] DEBUG org.springframework.test.context.BootstrapUtils - Instantiating CacheAwareContextLoaderDelegate from class [org.springframework.test.context.cache.DefaultCacheAwareContextLoaderDelegate]
11:36:18.708 [Test worker] DEBUG org.springframework.test.context.BootstrapUtils - Instantiating BootstrapContext using constructor [public org.springframework.test.context.support.DefaultBootstrapContext(java.lang.Class,org.springframework.test.context.CacheAwareContextLoaderDelegate)]
11:36:18.753 [Test worker] DEBUG org.springframework.test.context.BootstrapUtils - Instantiating TestContextBootstrapper for test class [uk.gov.dhsc.htbhf.claimant.ClaimantServiceIntegrationTests] from class [org.springframework.boot.test.context.SpringBootTestContextBootstrapper]
11:36:18.774 [Test worker] INFO org.springframework.boot.test.context.SpringBootTestContextBootstrapper - Neither @ContextConfiguration nor @ContextHierarchy found for test class [uk.gov.dhsc.htbhf.claimant.ClaimantServiceIntegrationTests], using SpringBootContextLoader
11:36:18.782 [Test worker] DEBUG org.springframework.test.context.support.AbstractContextLoader - Did not detect default resource location for test class [uk.gov.dhsc.htbhf.claimant.ClaimantServiceIntegrationTests]: class path resource [uk/gov/dhsc/htbhf/claimant/ClaimantServiceIntegrationTests-context.xml] does not exist
11:36:18.784 [Test worker] DEBUG org.springframework.test.context.support.AbstractContextLoader - Did not detect default resource location for test class [uk.gov.dhsc.htbhf.claimant.ClaimantServiceIntegrationTests]: class path resource [uk/gov/dhsc/htbhf/claimant/ClaimantServiceIntegrationTestsContext.groovy] does not exist
11:36:18.785 [Test worker] INFO org.springframework.test.context.support.AbstractContextLoader - Could not detect default resource locations for test class [uk.gov.dhsc.htbhf.claimant.ClaimantServiceIntegrationTests]: no resource found for suffixes {-context.xml, Context.groovy}.
11:36:18.786 [Test worker] INFO org.springframework.test.context.support.AnnotationConfigContextLoaderUtils - Could not detect default configuration classes for test class [uk.gov.dhsc.htbhf.claimant.ClaimantServiceIntegrationTests]: ClaimantServiceIntegrationTests does not declare any static, non-private, non-final, nested classes annotated with @Configuration.
11:36:18.875 [Test worker] DEBUG org.springframework.test.context.support.ActiveProfilesUtils - Could not find an 'annotation declaring class' for annotation type [org.springframework.test.context.ActiveProfiles] and class [uk.gov.dhsc.htbhf.claimant.ClaimantServiceIntegrationTests]
11:36:19.067 [Test worker] DEBUG org.springframework.context.annotation.ClassPathScanningCandidateComponentProvider - Identified candidate component class: file [/home/travis/build/DepartmentOfHealth-htbhf/htbhf-claimant-service/api/build/classes/java/main/uk/gov/dhsc/htbhf/claimant/ClaimantServiceApplication.class]
11:36:19.068 [Test worker] INFO org.springframework.boot.test.context.SpringBootTestContextBootstrapper - Found @SpringBootConfiguration uk.gov.dhsc.htbhf.claimant.ClaimantServiceApplication for test class uk.gov.dhsc.htbhf.claimant.ClaimantServiceIntegrationTests
11:36:19.279 [Test worker] DEBUG org.springframework.boot.test.context.SpringBootTestContextBootstrapper - @TestExecutionListeners is not present for class [uk.gov.dhsc.htbhf.claimant.ClaimantServiceIntegrationTests]: using defaults.
11:36:19.280 [Test worker] INFO org.springframework.boot.test.context.SpringBootTestContextBootstrapper - Loaded default TestExecutionListener class names from location [META-INF/spring.factories]: [org.springframework.boot.test.autoconfigure.restdocs.RestDocsTestExecutionListener, org.springframework.boot.test.autoconfigure.web.client.MockRestServiceServerResetTestExecutionListener, org.springframework.boot.test.autoconfigure.web.servlet.MockMvcPrintOnlyOnFailureTestExecutionListener, org.springframework.boot.test.autoconfigure.web.servlet.WebDriverTestExecutionListener, org.springframework.boot.test.mock.mockito.MockitoTestExecutionListener, org.springframework.boot.test.mock.mockito.ResetMocksTestExecutionListener, org.springframework.test.context.web.ServletTestExecutionListener, org.springframework.test.context.support.DirtiesContextBeforeModesTestExecutionListener, org.springframework.test.context.support.DependencyInjectionTestExecutionListener, org.springframework.test.context.support.DirtiesContextTestExecutionListener, org.springframework.test.context.transaction.TransactionalTestExecutionListener, org.springframework.test.context.jdbc.SqlScriptsTestExecutionListener]
11:36:19.320 [Test worker] INFO org.springframework.boot.test.context.SpringBootTestContextBootstrapper - Using TestExecutionListeners: [org.springframework.test.context.web.ServletTestExecutionListener@5084e580, org.springframework.test.context.support.DirtiesContextBeforeModesTestExecutionListener@103f7af1, org.springframework.boot.test.mock.mockito.MockitoTestExecutionListener@1e7865c7, org.springframework.boot.test.autoconfigure.SpringBootDependencyInjectionTestExecutionListener@6f05d25c, org.springframework.test.context.support.DirtiesContextTestExecutionListener@18da92d9, org.springframework.test.context.transaction.TransactionalTestExecutionListener@73d98bc1, org.springframework.test.context.jdbc.SqlScriptsTestExecutionListener@2e529e20, org.springframework.boot.test.autoconfigure.restdocs.RestDocsTestExecutionListener@6f843e84, org.springframework.boot.test.autoconfigure.web.client.MockRestServiceServerResetTestExecutionListener@230425f7, org.springframework.boot.test.autoconfigure.web.servlet.MockMvcPrintOnlyOnFailureTestExecutionListener@1cbc35d5, org.springframework.boot.test.autoconfigure.web.servlet.WebDriverTestExecutionListener@26a51bfc, org.springframework.boot.test.mock.mockito.ResetMocksTestExecutionListener@689b71b2]
11:36:19.328 [Test worker] DEBUG org.springframework.test.context.support.AbstractDirtiesContextTestExecutionListener - Before test class: context [DefaultTestContext@4e9b3614 testClass = ClaimantServiceIntegrationTests, testInstance = [null], testMethod = [null], testException = [null], mergedContextConfiguration = [WebMergedContextConfiguration@7868a124 testClass = ClaimantServiceIntegrationTests, locations = '{}', classes = '{class uk.gov.dhsc.htbhf.claimant.ClaimantServiceApplication}', contextInitializerClasses = '[]', activeProfiles = '{}', propertySourceLocations = '{}', propertySourceProperties = '{org.springframework.boot.test.context.SpringBootTestContextBootstrapper=true, server.port=0}', contextCustomizers = set[org.springframework.boot.test.autoconfigure.properties.PropertyMappingContextCustomizer@0, org.springframework.boot.test.autoconfigure.web.servlet.WebDriverContextCustomizerFactory$Customizer@73dba8d2, org.springframework.boot.test.context.filter.ExcludeFilterContextCustomizer@418c9a5e, org.springframework.boot.test.json.DuplicateJsonObjectContextCustomizerFactory$DuplicateJsonObjectContextCustomizer@25dd4d66, org.springframework.boot.test.mock.mockito.MockitoContextCustomizer@7b6e1326, org.springframework.boot.test.web.client.TestRestTemplateContextCustomizer@799d46a2], resourceBasePath = 'src/main/webapp', contextLoader = 'org.springframework.boot.test.context.SpringBootContextLoader', parent = [null]], attributes = map['org.springframework.test.context.web.ServletTestExecutionListener.activateListener' -&gt; false]], class annotated with @DirtiesContext [false] with mode [null].
11:36:19.437 [Test worker] DEBUG org.springframework.test.context.support.TestPropertySourceUtils - Adding inlined properties to environment: {spring.jmx.enabled=false, org.springframework.boot.test.context.SpringBootTestContextBootstrapper=true, server.port=0}

  .   ____          _            __ _ _
 /\\ / ___'_ __ _ _(_)_ __  __ _ \ \ \ \
( ( )\___ | '_ | '_| | '_ \/ _` | \ \ \ \
 \\/  ___)| |_)| | | | | || (_| |  ) ) ) )
  '  |____| .__|_| |_|_| |_\__, | / / / /
 =========|_|==============|___/=/_/_/_/
 :: Spring Boot ::        (v2.1.3.RELEASE)

2019-03-29 11:36:20.963  INFO 5325 --- [    Test worker] .g.d.h.c.ClaimantServiceIntegrationTests : Starting ClaimantServiceIntegrationTests on travis-job-44903993-a7ae-4fa6-915a-bdce041c87e9 with PID 5325 (started by travis in /home/travis/build/DepartmentOfHealth-htbhf/htbhf-claimant-service/api)
2019-03-29 11:36:20.973  INFO 5325 --- [    Test worker] .g.d.h.c.ClaimantServiceIntegrationTests : No active profile set, falling back to default profiles: default
2019-03-29 11:36:24.316  INFO 5325 --- [    Test worker] .s.d.r.c.RepositoryConfigurationDelegate : Bootstrapping Spring Data repositories in DEFAULT mode.
2019-03-29 11:36:24.458  INFO 5325 --- [    Test worker] .s.d.r.c.RepositoryConfigurationDelegate : Finished Spring Data repository scanning in 125ms. Found 1 repository interfaces.
2019-03-29 11:36:26.772  INFO 5325 --- [    Test worker] trationDelegate$BeanPostProcessorChecker : Bean 'org.springframework.transaction.annotation.ProxyTransactionManagementConfiguration' of type [org.springframework.transaction.annotation.ProxyTransactionManagementConfiguration$$EnhancerBySpringCGLIB$$b1204800] is not eligible for getting processed by all BeanPostProcessors (for example: not eligible for auto-proxying)
2019-03-29 11:36:28.251  INFO 5325 --- [    Test worker] o.s.b.w.embedded.tomcat.TomcatWebServer  : Tomcat initialized with port(s): 0 (http)
2019-03-29 11:36:28.375  INFO 5325 --- [    Test worker] o.apache.catalina.core.StandardService   : Starting service [Tomcat]
2019-03-29 11:36:28.376  INFO 5325 --- [    Test worker] org.apache.catalina.core.StandardEngine  : Starting Servlet engine: [Apache Tomcat/9.0.16]
2019-03-29 11:36:28.437  INFO 5325 --- [    Test worker] o.a.catalina.core.AprLifecycleListener   : The APR based Apache Tomcat Native library which allows optimal performance in production environments was not found on the java.library.path: [/usr/java/packages/lib:/usr/lib64:/lib64:/lib:/usr/lib]
2019-03-29 11:36:28.795  INFO 5325 --- [    Test worker] o.a.c.c.C.[Tomcat].[localhost].[/]       : Initializing Spring embedded WebApplicationContext
2019-03-29 11:36:28.797  INFO 5325 --- [    Test worker] o.s.web.context.ContextLoader            : Root WebApplicationContext: initialization completed in 7748 ms
2019-03-29 11:36:30.800  INFO 5325 --- [    Test worker] o.f.c.internal.license.VersionPrinter    : Flyway Community Edition 5.2.4 by Boxfuse
2019-03-29 11:36:30.820  INFO 5325 --- [    Test worker] com.zaxxer.hikari.HikariDataSource       : HikariPool-1 - Starting...
2019-03-29 11:36:31.406  INFO 5325 --- [    Test worker] com.zaxxer.hikari.HikariDataSource       : HikariPool-1 - Start completed.
2019-03-29 11:36:31.422  INFO 5325 --- [    Test worker] o.f.c.internal.database.DatabaseFactory  : Database: jdbc:h2:mem:test (H2 1.4)
2019-03-29 11:36:31.719  INFO 5325 --- [    Test worker] o.f.core.internal.command.DbValidate     : Successfully validated 3 migrations (execution time 00:00.062s)
2019-03-29 11:36:31.774  INFO 5325 --- [    Test worker] o.f.c.i.s.JdbcTableSchemaHistory         : Creating Schema History table: &quot;PUBLIC&quot;.&quot;flyway_schema_history&quot;
2019-03-29 11:36:31.838  INFO 5325 --- [    Test worker] o.f.core.internal.command.DbMigrate      : Current version of schema &quot;PUBLIC&quot;: &lt;&lt; Empty Schema &gt;&gt;
2019-03-29 11:36:31.841  INFO 5325 --- [    Test worker] o.f.core.internal.command.DbMigrate      : Migrating schema &quot;PUBLIC&quot; to version 1.001 - create claimant and address tables
2019-03-29 11:36:31.887  INFO 5325 --- [    Test worker] o.f.core.internal.command.DbMigrate      : Migrating schema &quot;PUBLIC&quot; to version 1.002 - add status column
2019-03-29 11:36:31.987  INFO 5325 --- [    Test worker] o.f.core.internal.command.DbMigrate      : Migrating schema &quot;PUBLIC&quot; to version 1.003 - add household identifier column
2019-03-29 11:36:32.047  INFO 5325 --- [    Test worker] o.f.core.internal.command.DbMigrate      : Successfully applied 3 migrations to schema &quot;PUBLIC&quot; (execution time 00:00.287s)
2019-03-29 11:36:32.415  INFO 5325 --- [    Test worker] o.hibernate.jpa.internal.util.LogHelper  : HHH000204: Processing PersistenceUnitInfo [
	name: default
	...]
2019-03-29 11:36:32.627  INFO 5325 --- [    Test worker] org.hibernate.Version                    : HHH000412: Hibernate Core {5.3.7.Final}
2019-03-29 11:36:32.631  INFO 5325 --- [    Test worker] org.hibernate.cfg.Environment            : HHH000206: hibernate.properties not found
2019-03-29 11:36:32.740  INFO 5325 --- [    Test worker] o.hibernate.annotations.common.Version   : HCANN000001: Hibernate Commons Annotations {5.0.4.Final}
2019-03-29 11:36:33.119  INFO 5325 --- [    Test worker] org.hibernate.dialect.Dialect            : HHH000400: Using dialect: org.hibernate.dialect.H2Dialect
2019-03-29 11:36:34.510  INFO 5325 --- [    Test worker] j.LocalContainerEntityManagerFactoryBean : Initialized JPA EntityManagerFactory for persistence unit 'default'
2019-03-29 11:36:35.140  INFO 5325 --- [    Test worker] o.h.h.i.QueryTranslatorFactoryInitiator  : HHH000397: Using ASTQueryTranslatorFactory
2019-03-29 11:36:36.347  WARN 5325 --- [    Test worker] aWebConfiguration$JpaWebMvcConfiguration : spring.jpa.open-in-view is enabled by default. Therefore, database queries may be performed during view rendering. Explicitly configure spring.jpa.open-in-view to disable this warning
2019-03-29 11:36:36.724  INFO 5325 --- [    Test worker] o.s.b.a.e.web.EndpointLinksResolver      : Exposing 2 endpoint(s) beneath base path '/actuator'
2019-03-29 11:36:37.098  INFO 5325 --- [    Test worker] pertySourcedRequestMappingHandlerMapping : Mapped URL path [/v2/api-docs] onto method [public org.springframework.http.ResponseEntity&lt;springfox.documentation.spring.web.json.Json&gt; springfox.documentation.swagger2.web.Swagger2Controller.getDocumentation(java.lang.String,javax.servlet.http.HttpServletRequest)]
2019-03-29 11:36:37.724  INFO 5325 --- [    Test worker] o.s.s.concurrent.ThreadPoolTaskExecutor  : Initializing ExecutorService 'applicationTaskExecutor'
2019-03-29 11:36:38.693  INFO 5325 --- [    Test worker] d.s.w.p.DocumentationPluginsBootstrapper : Context refreshed
2019-03-29 11:36:38.731  INFO 5325 --- [    Test worker] d.s.w.p.DocumentationPluginsBootstrapper : Found 1 custom documentation plugin(s)
2019-03-29 11:36:38.787  INFO 5325 --- [    Test worker] s.d.s.w.s.ApiListingReferenceScanner     : Scanning for api listing references
2019-03-29 11:36:39.246  INFO 5325 --- [    Test worker] o.s.b.w.embedded.tomcat.TomcatWebServer  : Tomcat started on port(s): 35119 (http) with context path ''
2019-03-29 11:36:39.258  INFO 5325 --- [    Test worker] .g.d.h.c.ClaimantServiceIntegrationTests : Started ClaimantServiceIntegrationTests in 19.812 seconds (JVM running for 25.345)
2019-03-29 11:36:39.287  INFO 5325 --- [    Test worker] u.g.d.htbhf.claimant.ApiDocumentation    : Application started. App version=, app id=, instance index=
2019-03-29 11:36:39.694  INFO 5325 --- [o-auto-1-exec-1] o.a.c.c.C.[Tomcat].[localhost].[/]       : Initializing Spring DispatcherServlet 'dispatcherServlet'
2019-03-29 11:36:39.696  INFO 5325 --- [o-auto-1-exec-1] o.s.web.servlet.DispatcherServlet        : Initializing Servlet 'dispatcherServlet'
2019-03-29 11:36:39.739  INFO 5325 --- [o-auto-1-exec-1] o.s.web.servlet.DispatcherServlet        : Completed initialization in 41 ms
2019-03-29 11:36:40.169  WARN 5325 --- [o-auto-1-exec-1] u.g.d.htbhf.errorhandler.ErrorHandler    : Binding error(s) during POST request to /v1/claims: [ErrorResponse.FieldError(field=claimant.cardDeliveryAddress.addressLine1, message=must not be null)]
2019-03-29 11:36:40.433  WARN 5325 --- [o-auto-1-exec-2] u.g.d.htbhf.errorhandler.ErrorHandler    : Binding error(s) during POST request to /v1/claims: [ErrorResponse.FieldError(field=claimant.cardDeliveryAddress.addressLine1, message=size must be between 1 and 500)]
2019-03-29 11:36:40.485  WARN 5325 --- [o-auto-1-exec-3] u.g.d.htbhf.errorhandler.ErrorHandler    : Binding error(s) during POST request to /v1/claims: [ErrorResponse.FieldError(field=claimant.cardDeliveryAddress.addressLine2, message=size must be between 0 and 500)]
2019-03-29 11:36:40.535  WARN 5325 --- [o-auto-1-exec-4] u.g.d.htbhf.errorhandler.ErrorHandler    : Binding error(s) during POST request to /v1/claims: [ErrorResponse.FieldError(field=claimant.cardDeliveryAddress.townOrCity, message=must not be null)]
2019-03-29 11:36:40.587  WARN 5325 --- [o-auto-1-exec-5] u.g.d.htbhf.errorhandler.ErrorHandler    : Binding error(s) during POST request to /v1/claims: [ErrorResponse.FieldError(field=claimant.cardDeliveryAddress.townOrCity, message=size must be between 1 and 500)]
2019-03-29 11:36:40.637  WARN 5325 --- [o-auto-1-exec-6] u.g.d.htbhf.errorhandler.ErrorHandler    : Binding error(s) during POST request to /v1/claims: [ErrorResponse.FieldError(field=claimant.cardDeliveryAddress.postcode, message=invalid postcode format)]
2019-03-29 11:36:40.691  WARN 5325 --- [o-auto-1-exec-7] u.g.d.htbhf.errorhandler.ErrorHandler    : Binding error(s) during POST request to /v1/claims: [ErrorResponse.FieldError(field=claimant.cardDeliveryAddress.postcode, message=invalid postcode format)]
2019-03-29 11:36:40.739  WARN 5325 --- [o-auto-1-exec-8] u.g.d.htbhf.errorhandler.ErrorHandler    : Binding error(s) during POST request to /v1/claims: [ErrorResponse.FieldError(field=claimant.cardDeliveryAddress.postcode, message=invalid postcode format)]
2019-03-29 11:36:40.783  WARN 5325 --- [o-auto-1-exec-9] u.g.d.htbhf.errorhandler.ErrorHandler    : Binding error(s) during POST request to /v1/claims: [ErrorResponse.FieldError(field=claimant.cardDeliveryAddress.postcode, message=invalid postcode format)]
2019-03-29 11:36:40.815  WARN 5325 --- [-auto-1-exec-10] u.g.d.htbhf.errorhandler.ErrorHandler    : Binding error(s) during POST request to /v1/claims: [ErrorResponse.FieldError(field=claimant.cardDeliveryAddress.postcode, message=must not be null)]
2019-03-29 11:36:41.011  INFO 5325 --- [o-auto-1-exec-1] u.g.d.h.claimant.service.ClaimService    : Saved new claimant: bd408128-6b3b-4802-8b15-a70740137c7a with status DUPLICATE
2019-03-29 11:36:41.131 ERROR 5325 --- [o-auto-1-exec-2] u.g.d.h.c.service.EligibilityClient      : Exception caught trying to post to http://localhost:8100/v1/eligibility
2019-03-29 11:36:41.150  INFO 5325 --- [o-auto-1-exec-2] u.g.d.h.claimant.service.ClaimService    : Saved new claimant: c081d989-1692-4fef-a1f4-61524238bc30 with status ERROR
2019-03-29 11:36:41.167 ERROR 5325 --- [o-auto-1-exec-2] u.g.d.htbhf.errorhandler.ErrorHandler    : An error occurred during POST request to /v1/claims:

uk.gov.dhsc.htbhf.claimant.exception.EligibilityClientException: Exception caught trying to call eligibility service at: http://localhost:8100/v1/eligibility
	at uk.gov.dhsc.htbhf.claimant.service.EligibilityClient.checkEligibility(EligibilityClient.java:51) ~[main/:na]
	at uk.gov.dhsc.htbhf.claimant.service.ClaimService.createClaim(ClaimService.java:30) ~[main/:na]
	at uk.gov.dhsc.htbhf.claimant.controller.ClaimController.newClaim(ClaimController.java:50) ~[main/:na]
	at java.base/jdk.internal.reflect.NativeMethodAccessorImpl.invoke0(Native Method) ~[na:na]
	at java.base/jdk.internal.reflect.NativeMethodAccessorImpl.invoke(NativeMethodAccessorImpl.java:62) ~[na:na]
	at java.base/jdk.internal.reflect.DelegatingMethodAccessorImpl.invoke(DelegatingMethodAccessorImpl.java:43) ~[na:na]
	at java.base/java.lang.reflect.Method.invoke(Method.java:566) ~[na:na]
	at org.springframework.web.method.support.InvocableHandlerMethod.doInvoke(InvocableHandlerMethod.java:189) ~[spring-web-5.1.5.RELEASE.jar:5.1.5.RELEASE]
	at org.springframework.web.method.support.InvocableHandlerMethod.invokeForRequest(InvocableHandlerMethod.java:138) ~[spring-web-5.1.5.RELEASE.jar:5.1.5.RELEASE]
	at org.springframework.web.servlet.mvc.method.annotation.ServletInvocableHandlerMethod.invokeAndHandle(ServletInvocableHandlerMethod.java:102) ~[spring-webmvc-5.1.5.RELEASE.jar:5.1.5.RELEASE]
	at org.springframework.web.servlet.mvc.method.annotation.RequestMappingHandlerAdapter.invokeHandlerMethod(RequestMappingHandlerAdapter.java:895) ~[spring-webmvc-5.1.5.RELEASE.jar:5.1.5.RELEASE]
	at org.springframework.web.servlet.mvc.method.annotation.RequestMappingHandlerAdapter.handleInternal(RequestMappingHandlerAdapter.java:800) ~[spring-webmvc-5.1.5.RELEASE.jar:5.1.5.RELEASE]
	at org.springframework.web.servlet.mvc.method.AbstractHandlerMethodAdapter.handle(AbstractHandlerMethodAdapter.java:87) ~[spring-webmvc-5.1.5.RELEASE.jar:5.1.5.RELEASE]
	at org.springframework.web.servlet.DispatcherServlet.doDispatch(DispatcherServlet.java:1038) ~[spring-webmvc-5.1.5.RELEASE.jar:5.1.5.RELEASE]
	at org.springframework.web.servlet.DispatcherServlet.doService(DispatcherServlet.java:942) ~[spring-webmvc-5.1.5.RELEASE.jar:5.1.5.RELEASE]
	at org.springframework.web.servlet.FrameworkServlet.processRequest(FrameworkServlet.java:1005) ~[spring-webmvc-5.1.5.RELEASE.jar:5.1.5.RELEASE]
	at org.springframework.web.servlet.FrameworkServlet.doPost(FrameworkServlet.java:908) ~[spring-webmvc-5.1.5.RELEASE.jar:5.1.5.RELEASE]
	at javax.servlet.http.HttpServlet.service(HttpServlet.java:660) ~[tomcat-embed-core-9.0.16.jar:9.0.16]
	at org.springframework.web.servlet.FrameworkServlet.service(FrameworkServlet.java:882) ~[spring-webmvc-5.1.5.RELEASE.jar:5.1.5.RELEASE]
	at javax.servlet.http.HttpServlet.service(HttpServlet.java:741) ~[tomcat-embed-core-9.0.16.jar:9.0.16]
	at org.apache.catalina.core.ApplicationFilterChain.internalDoFilter(ApplicationFilterChain.java:231) ~[tomcat-embed-core-9.0.16.jar:9.0.16]
	at org.apache.catalina.core.ApplicationFilterChain.doFilter(ApplicationFilterChain.java:166) ~[tomcat-embed-core-9.0.16.jar:9.0.16]
	at org.apache.tomcat.websocket.server.WsFilter.doFilter(WsFilter.java:53) ~[tomcat-embed-websocket-9.0.16.jar:9.0.16]
	at org.apache.catalina.core.ApplicationFilterChain.internalDoFilter(ApplicationFilterChain.java:193) ~[tomcat-embed-core-9.0.16.jar:9.0.16]
	at org.apache.catalina.core.ApplicationFilterChain.doFilter(ApplicationFilterChain.java:166) ~[tomcat-embed-core-9.0.16.jar:9.0.16]
	at uk.gov.dhsc.htbhf.requestcontext.RequestIdFilter.doFilterInternal(RequestIdFilter.java:60) ~[htbhf-common-rest-0.0.8.jar:na]
	at org.springframework.web.filter.OncePerRequestFilter.doFilter(OncePerRequestFilter.java:107) ~[spring-web-5.1.5.RELEASE.jar:5.1.5.RELEASE]
	at org.apache.catalina.core.ApplicationFilterChain.internalDoFilter(ApplicationFilterChain.java:193) ~[tomcat-embed-core-9.0.16.jar:9.0.16]
	at org.apache.catalina.core.ApplicationFilterChain.doFilter(ApplicationFilterChain.java:166) ~[tomcat-embed-core-9.0.16.jar:9.0.16]
	at org.springframework.boot.actuate.web.trace.servlet.HttpTraceFilter.doFilterInternal(HttpTraceFilter.java:90) ~[spring-boot-actuator-2.1.3.RELEASE.jar:2.1.3.RELEASE]
	at org.springframework.web.filter.OncePerRequestFilter.doFilter(OncePerRequestFilter.java:107) ~[spring-web-5.1.5.RELEASE.jar:5.1.5.RELEASE]
	at org.apache.catalina.core.ApplicationFilterChain.internalDoFilter(ApplicationFilterChain.java:193) ~[tomcat-embed-core-9.0.16.jar:9.0.16]
	at org.apache.catalina.core.ApplicationFilterChain.doFilter(ApplicationFilterChain.java:166) ~[tomcat-embed-core-9.0.16.jar:9.0.16]
	at org.springframework.web.filter.RequestContextFilter.doFilterInternal(RequestContextFilter.java:99) ~[spring-web-5.1.5.RELEASE.jar:5.1.5.RELEASE]
	at org.springframework.web.filter.OncePerRequestFilter.doFilter(OncePerRequestFilter.java:107) ~[spring-web-5.1.5.RELEASE.jar:5.1.5.RELEASE]
	at org.apache.catalina.core.ApplicationFilterChain.internalDoFilter(ApplicationFilterChain.java:193) ~[tomcat-embed-core-9.0.16.jar:9.0.16]
	at org.apache.catalina.core.ApplicationFilterChain.doFilter(ApplicationFilterChain.java:166) ~[tomcat-embed-core-9.0.16.jar:9.0.16]
	at org.springframework.web.filter.FormContentFilter.doFilterInternal(FormContentFilter.java:92) ~[spring-web-5.1.5.RELEASE.jar:5.1.5.RELEASE]
	at org.springframework.web.filter.OncePerRequestFilter.doFilter(OncePerRequestFilter.java:107) ~[spring-web-5.1.5.RELEASE.jar:5.1.5.RELEASE]
	at org.apache.catalina.core.ApplicationFilterChain.internalDoFilter(ApplicationFilterChain.java:193) ~[tomcat-embed-core-9.0.16.jar:9.0.16]
	at org.apache.catalina.core.ApplicationFilterChain.doFilter(ApplicationFilterChain.java:166) ~[tomcat-embed-core-9.0.16.jar:9.0.16]
	at org.springframework.web.filter.HiddenHttpMethodFilter.doFilterInternal(HiddenHttpMethodFilter.java:93) ~[spring-web-5.1.5.RELEASE.jar:5.1.5.RELEASE]
	at org.springframework.web.filter.OncePerRequestFilter.doFilter(OncePerRequestFilter.java:107) ~[spring-web-5.1.5.RELEASE.jar:5.1.5.RELEASE]
	at org.apache.catalina.core.ApplicationFilterChain.internalDoFilter(ApplicationFilterChain.java:193) ~[tomcat-embed-core-9.0.16.jar:9.0.16]
	at org.apache.catalina.core.ApplicationFilterChain.doFilter(ApplicationFilterChain.java:166) ~[tomcat-embed-core-9.0.16.jar:9.0.16]
	at org.springframework.boot.actuate.metrics.web.servlet.WebMvcMetricsFilter.filterAndRecordMetrics(WebMvcMetricsFilter.java:117) ~[spring-boot-actuator-2.1.3.RELEASE.jar:2.1.3.RELEASE]
	at org.springframework.boot.actuate.metrics.web.servlet.WebMvcMetricsFilter.doFilterInternal(WebMvcMetricsFilter.java:106) ~[spring-boot-actuator-2.1.3.RELEASE.jar:2.1.3.RELEASE]
	at org.springframework.web.filter.OncePerRequestFilter.doFilter(OncePerRequestFilter.java:107) ~[spring-web-5.1.5.RELEASE.jar:5.1.5.RELEASE]
	at org.apache.catalina.core.ApplicationFilterChain.internalDoFilter(ApplicationFilterChain.java:193) ~[tomcat-embed-core-9.0.16.jar:9.0.16]
	at org.apache.catalina.core.ApplicationFilterChain.doFilter(ApplicationFilterChain.java:166) ~[tomcat-embed-core-9.0.16.jar:9.0.16]
	at org.springframework.web.filter.CharacterEncodingFilter.doFilterInternal(CharacterEncodingFilter.java:200) ~[spring-web-5.1.5.RELEASE.jar:5.1.5.RELEASE]
	at org.springframework.web.filter.OncePerRequestFilter.doFilter(OncePerRequestFilter.java:107) ~[spring-web-5.1.5.RELEASE.jar:5.1.5.RELEASE]
	at org.apache.catalina.core.ApplicationFilterChain.internalDoFilter(ApplicationFilterChain.java:193) ~[tomcat-embed-core-9.0.16.jar:9.0.16]
	at org.apache.catalina.core.ApplicationFilterChain.doFilter(ApplicationFilterChain.java:166) ~[tomcat-embed-core-9.0.16.jar:9.0.16]
	at org.apache.catalina.core.StandardWrapperValve.invoke(StandardWrapperValve.java:200) ~[tomcat-embed-core-9.0.16.jar:9.0.16]
	at org.apache.catalina.core.StandardContextValve.invoke(StandardContextValve.java:96) ~[tomcat-embed-core-9.0.16.jar:9.0.16]
	at org.apache.catalina.authenticator.AuthenticatorBase.invoke(AuthenticatorBase.java:490) ~[tomcat-embed-core-9.0.16.jar:9.0.16]
	at org.apache.catalina.core.StandardHostValve.invoke(StandardHostValve.java:139) ~[tomcat-embed-core-9.0.16.jar:9.0.16]
	at org.apache.catalina.valves.ErrorReportValve.invoke(ErrorReportValve.java:92) ~[tomcat-embed-core-9.0.16.jar:9.0.16]
	at org.apache.catalina.core.StandardEngineValve.invoke(StandardEngineValve.java:74) ~[tomcat-embed-core-9.0.16.jar:9.0.16]
	at org.apache.catalina.connector.CoyoteAdapter.service(CoyoteAdapter.java:343) ~[tomcat-embed-core-9.0.16.jar:9.0.16]
	at org.apache.coyote.http11.Http11Processor.service(Http11Processor.java:408) ~[tomcat-embed-core-9.0.16.jar:9.0.16]
	at org.apache.coyote.AbstractProcessorLight.process(AbstractProcessorLight.java:66) ~[tomcat-embed-core-9.0.16.jar:9.0.16]
	at org.apache.coyote.AbstractProtocol$ConnectionHandler.process(AbstractProtocol.java:834) ~[tomcat-embed-core-9.0.16.jar:9.0.16]
	at org.apache.tomcat.util.net.NioEndpoint$SocketProcessor.doRun(NioEndpoint.java:1415) ~[tomcat-embed-core-9.0.16.jar:9.0.16]
	at org.apache.tomcat.util.net.SocketProcessorBase.run(SocketProcessorBase.java:49) ~[tomcat-embed-core-9.0.16.jar:9.0.16]
	at java.base/java.util.concurrent.ThreadPoolExecutor.runWorker(ThreadPoolExecutor.java:1128) ~[na:na]
	at java.base/java.util.concurrent.ThreadPoolExecutor$Worker.run(ThreadPoolExecutor.java:628) ~[na:na]
	at org.apache.tomcat.util.threads.TaskThread$WrappingRunnable.run(TaskThread.java:61) ~[tomcat-embed-core-9.0.16.jar:9.0.16]
	at java.base/java.lang.Thread.run(Thread.java:834) ~[na:na]
Caused by: org.springframework.web.client.RestClientException: Test exception
	at uk.gov.dhsc.htbhf.claimant.service.EligibilityClient.checkEligibility(EligibilityClient.java:39) ~[main/:na]
	... 69 common frames omitted

2019-03-29 11:36:41.258  WARN 5325 --- [o-auto-1-exec-3] u.g.d.htbhf.errorhandler.ErrorHandler    : Binding error(s) during POST request to /v1/claims: [ErrorResponse.FieldError(field=claimant.lastName, message=size must be between 1 and 500)]
2019-03-29 11:36:41.293  WARN 5325 --- [o-auto-1-exec-4] u.g.d.htbhf.errorhandler.ErrorHandler    : Binding error(s) during POST request to /v1/claims: [ErrorResponse.FieldError(field=claimant.lastName, message=must not be null)]
2019-03-29 11:36:41.342  WARN 5325 --- [o-auto-1-exec-5] u.g.d.htbhf.errorhandler.ErrorHandler    : Binding error(s) during POST request to /v1/claims: [ErrorResponse.FieldError(field=claimant.lastName, message=size must be between 1 and 500)]
2019-03-29 11:36:41.378  WARN 5325 --- [o-auto-1-exec-6] u.g.d.htbhf.errorhandler.ErrorHandler    : Binding error(s) during POST request to /v1/claims: [ErrorResponse.FieldError(field=claimant.firstName, message=size must be between 0 and 500)]
2019-03-29 11:36:41.425  WARN 5325 --- [o-auto-1-exec-7] u.g.d.htbhf.errorhandler.ErrorHandler    : Binding error(s) during POST request to /v1/claims: [ErrorResponse.FieldError(field=claimant.nino, message=must not be null)]
2019-03-29 11:36:41.517  WARN 5325 --- [o-auto-1-exec-8] u.g.d.htbhf.errorhandler.ErrorHandler    : Binding error(s) during POST request to /v1/claims: [ErrorResponse.FieldError(field=claimant.nino, message=must match &quot;[a-zA-Z]{2}\d{6}[a-dA-D]&quot;)]
2019-03-29 11:36:41.570  WARN 5325 --- [o-auto-1-exec-9] u.g.d.htbhf.errorhandler.ErrorHandler    : Binding error(s) during POST request to /v1/claims: [ErrorResponse.FieldError(field=claimant.nino, message=must match &quot;[a-zA-Z]{2}\d{6}[a-dA-D]&quot;)]
2019-03-29 11:36:41.612  WARN 5325 --- [-auto-1-exec-10] u.g.d.htbhf.errorhandler.ErrorHandler    : Binding error(s) during POST request to /v1/claims: [ErrorResponse.FieldError(field=claimant.nino, message=must match &quot;[a-zA-Z]{2}\d{6}[a-dA-D]&quot;)]
2019-03-29 11:36:41.664  WARN 5325 --- [o-auto-1-exec-1] u.g.d.htbhf.errorhandler.ErrorHandler    : Binding error(s) during POST request to /v1/claims: [ErrorResponse.FieldError(field=claimant.nino, message=must match &quot;[a-zA-Z]{2}\d{6}[a-dA-D]&quot;)]
2019-03-29 11:36:41.714  WARN 5325 --- [o-auto-1-exec-2] u.g.d.htbhf.errorhandler.ErrorHandler    : Binding error(s) during POST request to /v1/claims: [ErrorResponse.FieldError(field=claimant.nino, message=must match &quot;[a-zA-Z]{2}\d{6}[a-dA-D]&quot;)]
2019-03-29 11:36:41.793  WARN 5325 --- [o-auto-1-exec-3] u.g.d.htbhf.errorhandler.ErrorHandler    : Binding error(s) during POST request to /v1/claims: [ErrorResponse.FieldError(field=claimant.nino, message=must match &quot;[a-zA-Z]{2}\d{6}[a-dA-D]&quot;)]
2019-03-29 11:36:41.838  WARN 5325 --- [o-auto-1-exec-4] u.g.d.htbhf.errorhandler.ErrorHandler    : Binding error(s) during POST request to /v1/claims: [ErrorResponse.FieldError(field=claimant.dateOfBirth, message=must be a past date)]
2019-03-29 11:36:41.890  WARN 5325 --- [o-auto-1-exec-5] u.g.d.htbhf.errorhandler.ErrorHandler    : Binding error(s) during POST request to /v1/claims: [ErrorResponse.FieldError(field=claimant.expectedDeliveryDate, message=must not be more than one month in the past or 8 months in the future)]
2019-03-29 11:36:41.936  WARN 5325 --- [o-auto-1-exec-6] u.g.d.htbhf.errorhandler.ErrorHandler    : Binding error(s) during POST request to /v1/claims: [ErrorResponse.FieldError(field=claimant.expectedDeliveryDate, message=must not be more than one month in the past or 8 months in the future)]
2019-03-29 11:36:41.974  WARN 5325 --- [o-auto-1-exec-7] u.g.d.htbhf.errorhandler.ErrorHandler    : Binding error(s) during POST request to /v1/claims: [ErrorResponse.FieldError(field=claimant.cardDeliveryAddress, message=must not be null)]
2019-03-29 11:36:42.011  WARN 5325 --- [o-auto-1-exec-8] u.g.d.htbhf.errorhandler.ErrorHandler    : Binding error(s) during POST request to /v1/claims: [ErrorResponse.FieldError(field=claimant.dateOfBirth, message=must not be null)]
2019-03-29 11:36:42.066  INFO 5325 --- [o-auto-1-exec-9] u.g.d.h.claimant.service.ClaimService    : Saved new claimant: c2c72dde-10d7-4e05-8bf9-eb888d8de277 with status ELIGIBLE
2019-03-29 11:36:42.195  INFO 5325 --- [o-auto-1-exec-1] u.g.d.h.claimant.service.ClaimService    : Saved new claimant: 529afeb2-7da2-4e49-a0ab-2207c7028a05 with status ELIGIBLE
2019-03-29 11:36:42.474  WARN 5325 --- [o-auto-1-exec-8] u.g.d.htbhf.errorhandler.ErrorHandler    : Binding error(s) during POST request to /v1/claims: [ErrorResponse.FieldError(field=claimant, message=must not be null)]
</pre>
</span>
</div>
</div>
<div id="footer">
<p>
<div>
<label class="hidden" id="label-for-line-wrapping-toggle" for="line-wrapping-toggle">Wrap lines
<input id="line-wrapping-toggle" type="checkbox" autocomplete="off"/>
</label>
</div>Generated by 
<a href="http://www.gradle.org">Gradle 5.0</a> at Mar 29, 2019, 11:37:00 AM</p>
</div>
</div>
</body>
</html>
